<?xml version="1.0" encoding="UTF-8"?>
<!-- Generated by org.testng.reporters.JUnitReportReporter -->
<testsuite hostname="DESKTOP-G0635JT" failures="0" tests="8" name="tests.UserRegisttraionTest" time="42.827" errors="0" timestamp="2021-05-01T19:07:26 EET" skipped="0">
  <testcase classname="tests.UserRegisttraionTest" name="usercanRegister" time="10.499"/>
  <system-out/>
  <testcase classname="tests.UserRegisttraionTest" name="UserCanLogout" time="2.564"/>
  <system-out/>
  <testcase classname="tests.UserRegisttraionTest" name="usercanlogin" time="5.238"/>
  <system-out/>
  <testcase classname="tests.UserRegisttraionTest" name="usercanchoosefromsubcategory" time="6.158"/>
  <system-out/>
  <testcase classname="tests.UserRegisttraionTest" name="usercanopenproductdetailspage" time="2.332"/>
  <system-out/>
  <testcase classname="tests.UserRegisttraionTest" name="usercanbuyAproduct" time="3.058"/>
  <system-out/>
  <testcase classname="tests.UserRegisttraionTest" name="usercancompletetheorder" time="10.552"/>
  <system-out/>
  <testcase classname="tests.UserRegisttraionTest" name="UsercCanOpenOrderHistoryPage" time="2.426"/>
  <system-out/>
</testsuite> <!-- tests.UserRegisttraionTest -->
