<?xml version="1.0" encoding="UTF-8"?>
<!-- Generated by org.testng.reporters.JUnitReportReporter -->
<testsuite hostname="DESKTOP-G0635JT" failures="0" tests="6" name="tests.LoginTest" time="51.221" errors="0" timestamp="2021-04-30T22:06:11 EET" skipped="0">
  <testcase classname="tests.LoginTest" name="usercanlogin" time="12.799"/>
  <system-out/>
  <testcase classname="tests.LoginTest" name="usercanchoosefromsubcategory" time="9.343"/>
  <system-out/>
  <testcase classname="tests.LoginTest" name="usercanopenproductdetailspage" time="3.363"/>
  <system-out/>
  <testcase classname="tests.LoginTest" name="usercanbuyAproduct" time="4.074"/>
  <system-out/>
  <testcase classname="tests.LoginTest" name="usercancompletetheorder" time="17.479"/>
  <system-out/>
  <testcase classname="tests.LoginTest" name="UsercCanOpenOrderHistoryPage" time="4.163"/>
  <system-out/>
</testsuite> <!-- tests.LoginTest -->
