<?xml version="1.0" encoding="UTF-8"?>
<!-- Generated by org.testng.reporters.JUnitReportReporter -->
<testsuite hostname="DESKTOP-G0635JT" failures="0" tests="8" name="tests.TestCasesUsingCSV" time="60.321" errors="0" timestamp="2021-05-01T21:21:54 EET" skipped="0">
  <testcase classname="tests.TestCasesUsingCSV" name="usercanRegister" time="13.784"/>
  <system-out/>
  <testcase classname="tests.TestCasesUsingCSV" name="UserCanLogout" time="4.548"/>
  <system-out/>
  <testcase classname="tests.TestCasesUsingCSV" name="usercanlogin" time="5.314"/>
  <system-out/>
  <testcase classname="tests.TestCasesUsingCSV" name="usercanchoosefromsubcategory" time="9.500"/>
  <system-out/>
  <testcase classname="tests.TestCasesUsingCSV" name="usercanopenproductdetailspage" time="7.834"/>
  <system-out/>
  <testcase classname="tests.TestCasesUsingCSV" name="usercanbuyAproduct" time="3.401"/>
  <system-out/>
  <testcase classname="tests.TestCasesUsingCSV" name="usercancompletetheorder" time="11.558"/>
  <system-out/>
  <testcase classname="tests.TestCasesUsingCSV" name="UsercCanOpenOrderHistoryPage" time="4.382"/>
  <system-out/>
</testsuite> <!-- tests.TestCasesUsingCSV -->
